{"version":8,"type":"context-options","origin":"library","browserName":"chromium","options":{"noDefaultViewport":false,"viewport":{"width":1280,"height":720},"ignoreHTTPSErrors":false,"javaScriptEnabled":true,"bypassCSP":false,"userAgent":"Mozilla/5.0 (Windows NT 10.0; Win64; x64) AppleWebKit/537.36 (KHTML, like Gecko) Chrome/140.0.7339.186 Safari/537.36","locale":"en-US","offline":false,"deviceScaleFactor":1,"isMobile":false,"hasTouch":false,"colorScheme":"light","acceptDownloads":"accept","baseURL":"http://localhost:3001","serviceWorkers":"allow","selectorEngines":[],"testIdAttributeName":"data-testid"},"platform":"darwin","wallTime":1759400512482,"monotonicTime":63206.504,"sdkLanguage":"javascript","testIdAttributeName":"data-testid","contextId":"browser-context@73f6fd44142a41eb360e2264710655d2","title":"voice-mode.spec.ts:54 › Liv Hana Voice Mode › activates voice mode, requests reasoning, and displays streamed results"}
{"type":"before","callId":"call@6","startTime":63207.812,"class":"BrowserContext","method":"newPage","params":{},"stepId":"pw:api@35","beforeSnapshot":"before@call@6"}
{"type":"event","time":63234.751,"class":"BrowserContext","method":"page","params":{"pageId":"page@1859a724a6177da3139f750840440aa6"}}
{"type":"after","callId":"call@6","endTime":63234.791,"result":{"page":"<Page>"},"afterSnapshot":"after@call@6"}
{"type":"before","callId":"call@8","startTime":63236.201,"title":"Route requests","class":"Page","method":"setNetworkInterceptionPatterns","params":{"patterns":[{"glob":"**/api/elevenlabs/synthesize"}]},"stepId":"pw:api@36","pageId":"page@1859a724a6177da3139f750840440aa6","beforeSnapshot":"before@call@8"}
{"type":"after","callId":"call@8","endTime":63236.551,"afterSnapshot":"after@call@8"}
{"type":"before","callId":"call@10","startTime":63237.129,"title":"Route requests","class":"Page","method":"setNetworkInterceptionPatterns","params":{"patterns":[{"glob":"**/api/reasoning/enqueue"},{"glob":"**/api/elevenlabs/synthesize"}]},"stepId":"pw:api@37","pageId":"page@1859a724a6177da3139f750840440aa6","beforeSnapshot":"before@call@10"}
{"type":"after","callId":"call@10","endTime":63237.159,"afterSnapshot":"after@call@10"}
{"type":"before","callId":"call@12","startTime":63237.541,"title":"Route requests","class":"Page","method":"setNetworkInterceptionPatterns","params":{"patterns":[{"glob":"**/api/reasoning/result/mock-job-id"},{"glob":"**/api/reasoning/enqueue"},{"glob":"**/api/elevenlabs/synthesize"}]},"stepId":"pw:api@38","pageId":"page@1859a724a6177da3139f750840440aa6","beforeSnapshot":"before@call@12"}
{"type":"after","callId":"call@12","endTime":63237.563,"afterSnapshot":"after@call@12"}
{"type":"before","callId":"call@14","startTime":63237.906,"title":"Route requests","class":"Page","method":"setNetworkInterceptionPatterns","params":{"patterns":[{"glob":"**/api/reasoning/stream/mock-job-id"},{"glob":"**/api/reasoning/result/mock-job-id"},{"glob":"**/api/reasoning/enqueue"},{"glob":"**/api/elevenlabs/synthesize"}]},"stepId":"pw:api@39","pageId":"page@1859a724a6177da3139f750840440aa6","beforeSnapshot":"before@call@14"}
{"type":"after","callId":"call@14","endTime":63237.926,"afterSnapshot":"after@call@14"}
{"type":"before","callId":"call@16","startTime":63238.566,"class":"Frame","method":"goto","params":{"url":"/","timeout":0,"waitUntil":"load"},"stepId":"pw:api@40","pageId":"page@1859a724a6177da3139f750840440aa6","beforeSnapshot":"before@call@16"}
{"type":"frame-snapshot","snapshot":{"callId":"call@16","snapshotName":"before@call@16","pageId":"page@1859a724a6177da3139f750840440aa6","frameId":"frame@289fda6b2458981016578d76d647e61c","frameUrl":"about:blank","html":["HTML",{},["HEAD",{},["BASE",{"href":"about:blank"}]],["BODY"]],"viewport":{"width":1280,"height":720},"timestamp":63240.014,"wallTime":1759400512515,"collectionTime":0.5,"resourceOverrides":[],"isMainFrame":true}}
{"type":"log","callId":"call@16","time":63240.645,"message":"navigating to \"http://localhost:3001/\", waiting until \"load\""}
{"type":"console","messageType":"debug","text":"[vite] connecting...","args":[{"preview":"[vite] connecting...","value":"[vite] connecting..."}],"location":{"url":"http://localhost:3001/@vite/client","lineNumber":494,"columnNumber":8},"time":63251.326,"pageId":"page@1859a724a6177da3139f750840440aa6"}
{"type":"console","messageType":"debug","text":"[vite] connected.","args":[{"preview":"[vite] connected.","value":"[vite] connected."}],"location":{"url":"http://localhost:3001/@vite/client","lineNumber":617,"columnNumber":14},"time":63258.93,"pageId":"page@1859a724a6177da3139f750840440aa6"}
{"type":"screencast-frame","pageId":"page@1859a724a6177da3139f750840440aa6","sha1":"page@1859a724a6177da3139f750840440aa6-1759400512553.jpeg","width":1280,"height":720,"timestamp":63277.732,"frameSwapWallTime":1759400512552.4531}
{"type":"event","time":65686.883,"class":"BrowserContext","method":"pageError","params":{"error":{"error":{"message":"The requested module '/node_modules/prop-types/index.js?v=8a4964b2' does not provide an export named 'default'","stack":"","name":"SyntaxError"}}},"pageId":"page@1859a724a6177da3139f750840440aa6"}
{"type":"after","callId":"call@16","endTime":65687.554,"result":{"response":"<Response>"},"afterSnapshot":"after@call@16"}
{"type":"frame-snapshot","snapshot":{"callId":"call@16","snapshotName":"after@call@16","pageId":"page@1859a724a6177da3139f750840440aa6","frameId":"frame@289fda6b2458981016578d76d647e61c","frameUrl":"http://localhost:3001/","doctype":"html","html":["HTML",{"lang":"en"},["HEAD",{},["BASE",{"href":"http://localhost:3001/"}],"\n    ","\n\n    ","\n\n    ",["META",{"charset":"utf-8"}],"\n    ",["LINK",{"rel":"icon","type":"image/svg+xml","href":"/vite.svg"}],"\n    ",["META",{"name":"viewport","content":"width=device-width, initial-scale=1.0"}],"\n    ",["TITLE",{},"Liv Hana Live - Empire Dashboard"],"\n  "],"\n  ",["BODY",{},"\n    ",["DIV",{"id":"root"}],"\n    ","\n  \n\n"]],"viewport":{"width":1280,"height":720},"timestamp":65688.25,"wallTime":1759400514964,"collectionTime":0.4000000022351742,"resourceOverrides":[],"isMainFrame":true}}
{"type":"before","callId":"call@18","startTime":65689.861,"class":"Frame","method":"click","params":{"selector":"internal:testid=[data-testid=\"open-voice-mode\"s]","strict":true,"timeout":0},"stepId":"pw:api@41","pageId":"page@1859a724a6177da3139f750840440aa6","beforeSnapshot":"before@call@18"}
{"type":"frame-snapshot","snapshot":{"callId":"call@18","snapshotName":"before@call@18","pageId":"page@1859a724a6177da3139f750840440aa6","frameId":"frame@289fda6b2458981016578d76d647e61c","frameUrl":"http://localhost:3001/","doctype":"html","html":[[1,20]],"viewport":{"width":1280,"height":720},"timestamp":65690.098,"wallTime":1759400514966,"collectionTime":0.09999999776482582,"resourceOverrides":[],"isMainFrame":true}}

# Optimized: 2025-10-02
